INFO - 2023-06-27 09:30:22 --> Session: Class initialized using 'CodeIgniter\Session\Handlers\FileHandler' driver.
INFO - 2023-06-27 09:30:22 --> Session: Class initialized using 'CodeIgniter\Session\Handlers\FileHandler' driver.
INFO - 2023-06-27 09:30:28 --> Session: Class initialized using 'CodeIgniter\Session\Handlers\FileHandler' driver.
INFO - 2023-06-27 09:30:29 --> Session: Class initialized using 'CodeIgniter\Session\Handlers\FileHandler' driver.
INFO - 2023-06-27 09:32:28 --> Session: Class initialized using 'CodeIgniter\Session\Handlers\FileHandler' driver.
INFO - 2023-06-27 09:39:48 --> Session: Class initialized using 'CodeIgniter\Session\Handlers\FileHandler' driver.
INFO - 2023-06-27 09:41:38 --> Session: Class initialized using 'CodeIgniter\Session\Handlers\FileHandler' driver.
INFO - 2023-06-27 09:41:47 --> Session: Class initialized using 'CodeIgniter\Session\Handlers\FileHandler' driver.
INFO - 2023-06-27 09:41:51 --> Session: Class initialized using 'CodeIgniter\Session\Handlers\FileHandler' driver.
INFO - 2023-06-27 09:43:58 --> Session: Class initialized using 'CodeIgniter\Session\Handlers\FileHandler' driver.
INFO - 2023-06-27 09:44:23 --> Session: Class initialized using 'CodeIgniter\Session\Handlers\FileHandler' driver.
INFO - 2023-06-27 09:46:36 --> Session: Class initialized using 'CodeIgniter\Session\Handlers\FileHandler' driver.
INFO - 2023-06-27 09:46:39 --> Session: Class initialized using 'CodeIgniter\Session\Handlers\FileHandler' driver.
INFO - 2023-06-27 09:46:41 --> Session: Class initialized using 'CodeIgniter\Session\Handlers\FileHandler' driver.
INFO - 2023-06-27 09:53:37 --> Session: Class initialized using 'CodeIgniter\Session\Handlers\FileHandler' driver.
INFO - 2023-06-27 09:53:38 --> Session: Class initialized using 'CodeIgniter\Session\Handlers\FileHandler' driver.
INFO - 2023-06-27 10:29:01 --> Session: Class initialized using 'CodeIgniter\Session\Handlers\FileHandler' driver.
INFO - 2023-06-27 10:29:05 --> Session: Class initialized using 'CodeIgniter\Session\Handlers\FileHandler' driver.
INFO - 2023-06-27 10:30:32 --> Session: Class initialized using 'CodeIgniter\Session\Handlers\FileHandler' driver.
INFO - 2023-06-27 10:30:32 --> Session: Class initialized using 'CodeIgniter\Session\Handlers\FileHandler' driver.
CRITICAL - 2023-06-27 10:32:51 --> Invalid file: "template/artikel_footer.php"
in SYSTEMPATH\Exceptions\FrameworkException.php on line 33.
 1 SYSTEMPATH\View\View.php(201): CodeIgniter\Exceptions\FrameworkException::forInvalidFile('template/artikel_footer.php')
 2 SYSTEMPATH\View\View.php(431): CodeIgniter\View\View->render('template/artikel_footer', null, true)
 3 APPPATH\Views\artikel\detail.php(14): CodeIgniter\View\View->include('template/artikel_footer')
 4 SYSTEMPATH\View\View.php(213): include('C:\\xampp\\htdocs\\lab11\\ci5\\app\\Views\\artikel\\detail.php')
 5 SYSTEMPATH\View\View.php(216): CodeIgniter\View\View->CodeIgniter\View\{closure}()
 6 SYSTEMPATH\Common.php(1184): CodeIgniter\View\View->render('artikel/detail', [], true)
 7 APPPATH\Controllers\Artikel.php(26): view('artikel/detail', [...])
 8 SYSTEMPATH\CodeIgniter.php(934): App\Controllers\Artikel->view('Sigra-2023')
 9 SYSTEMPATH\CodeIgniter.php(499): CodeIgniter\CodeIgniter->runController(Object(App\Controllers\Artikel))
10 SYSTEMPATH\CodeIgniter.php(368): CodeIgniter\CodeIgniter->handleRequest(null, Object(Config\Cache), false)
11 FCPATH\index.php(67): CodeIgniter\CodeIgniter->run()
12 SYSTEMPATH\Commands\Server\rewrite.php(47): require_once('C:\\xampp\\htdocs\\lab11\\ci5\\public\\index.php')
INFO - 2023-06-27 10:33:22 --> Session: Class initialized using 'CodeIgniter\Session\Handlers\FileHandler' driver.
INFO - 2023-06-27 22:16:47 --> Session: Class initialized using 'CodeIgniter\Session\Handlers\FileHandler' driver.
INFO - 2023-06-27 22:16:47 --> Session: Class initialized using 'CodeIgniter\Session\Handlers\FileHandler' driver.
INFO - 2023-06-27 22:16:52 --> Session: Class initialized using 'CodeIgniter\Session\Handlers\FileHandler' driver.
INFO - 2023-06-27 22:16:53 --> Session: Class initialized using 'CodeIgniter\Session\Handlers\FileHandler' driver.
CRITICAL - 2023-06-27 22:29:43 --> compact(): Undefined variable $artikel
in APPPATH\Controllers\Artikel.php on line 19.
 1 [internal function]: CodeIgniter\Debug\Exceptions->errorHandler(2, 'compact(): Undefined variable $artikel', 'C:\\xampp\\htdocs\\lab11\\ci5\\app\\Controllers\\Artikel.php', 19)
 2 APPPATH\Controllers\Artikel.php(19): compact('artikel', 'title')
 3 SYSTEMPATH\CodeIgniter.php(934): App\Controllers\Artikel->index()
 4 SYSTEMPATH\CodeIgniter.php(499): CodeIgniter\CodeIgniter->runController(Object(App\Controllers\Artikel))
 5 SYSTEMPATH\CodeIgniter.php(368): CodeIgniter\CodeIgniter->handleRequest(null, Object(Config\Cache), false)
 6 FCPATH\index.php(67): CodeIgniter\CodeIgniter->run()
 7 SYSTEMPATH\Commands\Server\rewrite.php(47): require_once('C:\\xampp\\htdocs\\lab11\\ci5\\public\\index.php')
CRITICAL - 2023-06-27 22:29:45 --> compact(): Undefined variable $artikel
in APPPATH\Controllers\Artikel.php on line 19.
 1 [internal function]: CodeIgniter\Debug\Exceptions->errorHandler(2, 'compact(): Undefined variable $artikel', 'C:\\xampp\\htdocs\\lab11\\ci5\\app\\Controllers\\Artikel.php', 19)
 2 APPPATH\Controllers\Artikel.php(19): compact('artikel', 'title')
 3 SYSTEMPATH\CodeIgniter.php(934): App\Controllers\Artikel->index()
 4 SYSTEMPATH\CodeIgniter.php(499): CodeIgniter\CodeIgniter->runController(Object(App\Controllers\Artikel))
 5 SYSTEMPATH\CodeIgniter.php(368): CodeIgniter\CodeIgniter->handleRequest(null, Object(Config\Cache), false)
 6 FCPATH\index.php(67): CodeIgniter\CodeIgniter->run()
 7 SYSTEMPATH\Commands\Server\rewrite.php(47): require_once('C:\\xampp\\htdocs\\lab11\\ci5\\public\\index.php')
CRITICAL - 2023-06-27 22:29:47 --> compact(): Undefined variable $artikel
in APPPATH\Controllers\Artikel.php on line 19.
 1 [internal function]: CodeIgniter\Debug\Exceptions->errorHandler(2, 'compact(): Undefined variable $artikel', 'C:\\xampp\\htdocs\\lab11\\ci5\\app\\Controllers\\Artikel.php', 19)
 2 APPPATH\Controllers\Artikel.php(19): compact('artikel', 'title')
 3 SYSTEMPATH\CodeIgniter.php(934): App\Controllers\Artikel->index()
 4 SYSTEMPATH\CodeIgniter.php(499): CodeIgniter\CodeIgniter->runController(Object(App\Controllers\Artikel))
 5 SYSTEMPATH\CodeIgniter.php(368): CodeIgniter\CodeIgniter->handleRequest(null, Object(Config\Cache), false)
 6 FCPATH\index.php(67): CodeIgniter\CodeIgniter->run()
 7 SYSTEMPATH\Commands\Server\rewrite.php(47): require_once('C:\\xampp\\htdocs\\lab11\\ci5\\public\\index.php')
CRITICAL - 2023-06-27 22:32:56 --> compact(): Undefined variable $artikel
in APPPATH\Controllers\Artikel.php on line 19.
 1 [internal function]: CodeIgniter\Debug\Exceptions->errorHandler(2, 'compact(): Undefined variable $artikel', 'C:\\xampp\\htdocs\\lab11\\ci5\\app\\Controllers\\Artikel.php', 19)
 2 APPPATH\Controllers\Artikel.php(19): compact('artikel', 'title')
 3 SYSTEMPATH\CodeIgniter.php(934): App\Controllers\Artikel->index()
 4 SYSTEMPATH\CodeIgniter.php(499): CodeIgniter\CodeIgniter->runController(Object(App\Controllers\Artikel))
 5 SYSTEMPATH\CodeIgniter.php(368): CodeIgniter\CodeIgniter->handleRequest(null, Object(Config\Cache), false)
 6 FCPATH\index.php(67): CodeIgniter\CodeIgniter->run()
 7 SYSTEMPATH\Commands\Server\rewrite.php(47): require_once('C:\\xampp\\htdocs\\lab11\\ci5\\public\\index.php')
CRITICAL - 2023-06-27 22:33:40 --> compact(): Undefined variable $artikel
in APPPATH\Controllers\Artikel.php on line 19.
 1 [internal function]: CodeIgniter\Debug\Exceptions->errorHandler(2, 'compact(): Undefined variable $artikel', 'C:\\xampp\\htdocs\\lab11\\ci5\\app\\Controllers\\Artikel.php', 19)
 2 APPPATH\Controllers\Artikel.php(19): compact('artikel', 'title')
 3 SYSTEMPATH\CodeIgniter.php(934): App\Controllers\Artikel->index()
 4 SYSTEMPATH\CodeIgniter.php(499): CodeIgniter\CodeIgniter->runController(Object(App\Controllers\Artikel))
 5 SYSTEMPATH\CodeIgniter.php(368): CodeIgniter\CodeIgniter->handleRequest(null, Object(Config\Cache), false)
 6 FCPATH\index.php(67): CodeIgniter\CodeIgniter->run()
 7 SYSTEMPATH\Commands\Server\rewrite.php(47): require_once('C:\\xampp\\htdocs\\lab11\\ci5\\public\\index.php')
CRITICAL - 2023-06-27 22:33:41 --> compact(): Undefined variable $artikel
in APPPATH\Controllers\Artikel.php on line 19.
 1 [internal function]: CodeIgniter\Debug\Exceptions->errorHandler(2, 'compact(): Undefined variable $artikel', 'C:\\xampp\\htdocs\\lab11\\ci5\\app\\Controllers\\Artikel.php', 19)
 2 APPPATH\Controllers\Artikel.php(19): compact('artikel', 'title')
 3 SYSTEMPATH\CodeIgniter.php(934): App\Controllers\Artikel->index()
 4 SYSTEMPATH\CodeIgniter.php(499): CodeIgniter\CodeIgniter->runController(Object(App\Controllers\Artikel))
 5 SYSTEMPATH\CodeIgniter.php(368): CodeIgniter\CodeIgniter->handleRequest(null, Object(Config\Cache), false)
 6 FCPATH\index.php(67): CodeIgniter\CodeIgniter->run()
 7 SYSTEMPATH\Commands\Server\rewrite.php(47): require_once('C:\\xampp\\htdocs\\lab11\\ci5\\public\\index.php')
CRITICAL - 2023-06-27 22:33:41 --> compact(): Undefined variable $artikel
in APPPATH\Controllers\Artikel.php on line 19.
 1 [internal function]: CodeIgniter\Debug\Exceptions->errorHandler(2, 'compact(): Undefined variable $artikel', 'C:\\xampp\\htdocs\\lab11\\ci5\\app\\Controllers\\Artikel.php', 19)
 2 APPPATH\Controllers\Artikel.php(19): compact('artikel', 'title')
 3 SYSTEMPATH\CodeIgniter.php(934): App\Controllers\Artikel->index()
 4 SYSTEMPATH\CodeIgniter.php(499): CodeIgniter\CodeIgniter->runController(Object(App\Controllers\Artikel))
 5 SYSTEMPATH\CodeIgniter.php(368): CodeIgniter\CodeIgniter->handleRequest(null, Object(Config\Cache), false)
 6 FCPATH\index.php(67): CodeIgniter\CodeIgniter->run()
 7 SYSTEMPATH\Commands\Server\rewrite.php(47): require_once('C:\\xampp\\htdocs\\lab11\\ci5\\public\\index.php')
CRITICAL - 2023-06-27 22:33:41 --> compact(): Undefined variable $artikel
in APPPATH\Controllers\Artikel.php on line 19.
 1 [internal function]: CodeIgniter\Debug\Exceptions->errorHandler(2, 'compact(): Undefined variable $artikel', 'C:\\xampp\\htdocs\\lab11\\ci5\\app\\Controllers\\Artikel.php', 19)
 2 APPPATH\Controllers\Artikel.php(19): compact('artikel', 'title')
 3 SYSTEMPATH\CodeIgniter.php(934): App\Controllers\Artikel->index()
 4 SYSTEMPATH\CodeIgniter.php(499): CodeIgniter\CodeIgniter->runController(Object(App\Controllers\Artikel))
 5 SYSTEMPATH\CodeIgniter.php(368): CodeIgniter\CodeIgniter->handleRequest(null, Object(Config\Cache), false)
 6 FCPATH\index.php(67): CodeIgniter\CodeIgniter->run()
 7 SYSTEMPATH\Commands\Server\rewrite.php(47): require_once('C:\\xampp\\htdocs\\lab11\\ci5\\public\\index.php')
CRITICAL - 2023-06-27 22:33:42 --> compact(): Undefined variable $artikel
in APPPATH\Controllers\Artikel.php on line 19.
 1 [internal function]: CodeIgniter\Debug\Exceptions->errorHandler(2, 'compact(): Undefined variable $artikel', 'C:\\xampp\\htdocs\\lab11\\ci5\\app\\Controllers\\Artikel.php', 19)
 2 APPPATH\Controllers\Artikel.php(19): compact('artikel', 'title')
 3 SYSTEMPATH\CodeIgniter.php(934): App\Controllers\Artikel->index()
 4 SYSTEMPATH\CodeIgniter.php(499): CodeIgniter\CodeIgniter->runController(Object(App\Controllers\Artikel))
 5 SYSTEMPATH\CodeIgniter.php(368): CodeIgniter\CodeIgniter->handleRequest(null, Object(Config\Cache), false)
 6 FCPATH\index.php(67): CodeIgniter\CodeIgniter->run()
 7 SYSTEMPATH\Commands\Server\rewrite.php(47): require_once('C:\\xampp\\htdocs\\lab11\\ci5\\public\\index.php')
CRITICAL - 2023-06-27 22:33:42 --> compact(): Undefined variable $artikel
in APPPATH\Controllers\Artikel.php on line 19.
 1 [internal function]: CodeIgniter\Debug\Exceptions->errorHandler(2, 'compact(): Undefined variable $artikel', 'C:\\xampp\\htdocs\\lab11\\ci5\\app\\Controllers\\Artikel.php', 19)
 2 APPPATH\Controllers\Artikel.php(19): compact('artikel', 'title')
 3 SYSTEMPATH\CodeIgniter.php(934): App\Controllers\Artikel->index()
 4 SYSTEMPATH\CodeIgniter.php(499): CodeIgniter\CodeIgniter->runController(Object(App\Controllers\Artikel))
 5 SYSTEMPATH\CodeIgniter.php(368): CodeIgniter\CodeIgniter->handleRequest(null, Object(Config\Cache), false)
 6 FCPATH\index.php(67): CodeIgniter\CodeIgniter->run()
 7 SYSTEMPATH\Commands\Server\rewrite.php(47): require_once('C:\\xampp\\htdocs\\lab11\\ci5\\public\\index.php')
CRITICAL - 2023-06-27 22:33:43 --> compact(): Undefined variable $artikel
in APPPATH\Controllers\Artikel.php on line 19.
 1 [internal function]: CodeIgniter\Debug\Exceptions->errorHandler(2, 'compact(): Undefined variable $artikel', 'C:\\xampp\\htdocs\\lab11\\ci5\\app\\Controllers\\Artikel.php', 19)
 2 APPPATH\Controllers\Artikel.php(19): compact('artikel', 'title')
 3 SYSTEMPATH\CodeIgniter.php(934): App\Controllers\Artikel->index()
 4 SYSTEMPATH\CodeIgniter.php(499): CodeIgniter\CodeIgniter->runController(Object(App\Controllers\Artikel))
 5 SYSTEMPATH\CodeIgniter.php(368): CodeIgniter\CodeIgniter->handleRequest(null, Object(Config\Cache), false)
 6 FCPATH\index.php(67): CodeIgniter\CodeIgniter->run()
 7 SYSTEMPATH\Commands\Server\rewrite.php(47): require_once('C:\\xampp\\htdocs\\lab11\\ci5\\public\\index.php')
CRITICAL - 2023-06-27 22:33:43 --> compact(): Undefined variable $artikel
in APPPATH\Controllers\Artikel.php on line 19.
 1 [internal function]: CodeIgniter\Debug\Exceptions->errorHandler(2, 'compact(): Undefined variable $artikel', 'C:\\xampp\\htdocs\\lab11\\ci5\\app\\Controllers\\Artikel.php', 19)
 2 APPPATH\Controllers\Artikel.php(19): compact('artikel', 'title')
 3 SYSTEMPATH\CodeIgniter.php(934): App\Controllers\Artikel->index()
 4 SYSTEMPATH\CodeIgniter.php(499): CodeIgniter\CodeIgniter->runController(Object(App\Controllers\Artikel))
 5 SYSTEMPATH\CodeIgniter.php(368): CodeIgniter\CodeIgniter->handleRequest(null, Object(Config\Cache), false)
 6 FCPATH\index.php(67): CodeIgniter\CodeIgniter->run()
 7 SYSTEMPATH\Commands\Server\rewrite.php(47): require_once('C:\\xampp\\htdocs\\lab11\\ci5\\public\\index.php')
CRITICAL - 2023-06-27 22:33:43 --> compact(): Undefined variable $artikel
in APPPATH\Controllers\Artikel.php on line 19.
 1 [internal function]: CodeIgniter\Debug\Exceptions->errorHandler(2, 'compact(): Undefined variable $artikel', 'C:\\xampp\\htdocs\\lab11\\ci5\\app\\Controllers\\Artikel.php', 19)
 2 APPPATH\Controllers\Artikel.php(19): compact('artikel', 'title')
 3 SYSTEMPATH\CodeIgniter.php(934): App\Controllers\Artikel->index()
 4 SYSTEMPATH\CodeIgniter.php(499): CodeIgniter\CodeIgniter->runController(Object(App\Controllers\Artikel))
 5 SYSTEMPATH\CodeIgniter.php(368): CodeIgniter\CodeIgniter->handleRequest(null, Object(Config\Cache), false)
 6 FCPATH\index.php(67): CodeIgniter\CodeIgniter->run()
 7 SYSTEMPATH\Commands\Server\rewrite.php(47): require_once('C:\\xampp\\htdocs\\lab11\\ci5\\public\\index.php')
CRITICAL - 2023-06-27 22:33:44 --> compact(): Undefined variable $artikel
in APPPATH\Controllers\Artikel.php on line 19.
 1 [internal function]: CodeIgniter\Debug\Exceptions->errorHandler(2, 'compact(): Undefined variable $artikel', 'C:\\xampp\\htdocs\\lab11\\ci5\\app\\Controllers\\Artikel.php', 19)
 2 APPPATH\Controllers\Artikel.php(19): compact('artikel', 'title')
 3 SYSTEMPATH\CodeIgniter.php(934): App\Controllers\Artikel->index()
 4 SYSTEMPATH\CodeIgniter.php(499): CodeIgniter\CodeIgniter->runController(Object(App\Controllers\Artikel))
 5 SYSTEMPATH\CodeIgniter.php(368): CodeIgniter\CodeIgniter->handleRequest(null, Object(Config\Cache), false)
 6 FCPATH\index.php(67): CodeIgniter\CodeIgniter->run()
 7 SYSTEMPATH\Commands\Server\rewrite.php(47): require_once('C:\\xampp\\htdocs\\lab11\\ci5\\public\\index.php')
CRITICAL - 2023-06-27 22:33:44 --> compact(): Undefined variable $artikel
in APPPATH\Controllers\Artikel.php on line 19.
 1 [internal function]: CodeIgniter\Debug\Exceptions->errorHandler(2, 'compact(): Undefined variable $artikel', 'C:\\xampp\\htdocs\\lab11\\ci5\\app\\Controllers\\Artikel.php', 19)
 2 APPPATH\Controllers\Artikel.php(19): compact('artikel', 'title')
 3 SYSTEMPATH\CodeIgniter.php(934): App\Controllers\Artikel->index()
 4 SYSTEMPATH\CodeIgniter.php(499): CodeIgniter\CodeIgniter->runController(Object(App\Controllers\Artikel))
 5 SYSTEMPATH\CodeIgniter.php(368): CodeIgniter\CodeIgniter->handleRequest(null, Object(Config\Cache), false)
 6 FCPATH\index.php(67): CodeIgniter\CodeIgniter->run()
 7 SYSTEMPATH\Commands\Server\rewrite.php(47): require_once('C:\\xampp\\htdocs\\lab11\\ci5\\public\\index.php')
CRITICAL - 2023-06-27 22:33:44 --> compact(): Undefined variable $artikel
in APPPATH\Controllers\Artikel.php on line 19.
 1 [internal function]: CodeIgniter\Debug\Exceptions->errorHandler(2, 'compact(): Undefined variable $artikel', 'C:\\xampp\\htdocs\\lab11\\ci5\\app\\Controllers\\Artikel.php', 19)
 2 APPPATH\Controllers\Artikel.php(19): compact('artikel', 'title')
 3 SYSTEMPATH\CodeIgniter.php(934): App\Controllers\Artikel->index()
 4 SYSTEMPATH\CodeIgniter.php(499): CodeIgniter\CodeIgniter->runController(Object(App\Controllers\Artikel))
 5 SYSTEMPATH\CodeIgniter.php(368): CodeIgniter\CodeIgniter->handleRequest(null, Object(Config\Cache), false)
 6 FCPATH\index.php(67): CodeIgniter\CodeIgniter->run()
 7 SYSTEMPATH\Commands\Server\rewrite.php(47): require_once('C:\\xampp\\htdocs\\lab11\\ci5\\public\\index.php')
CRITICAL - 2023-06-27 22:33:45 --> compact(): Undefined variable $artikel
in APPPATH\Controllers\Artikel.php on line 19.
 1 [internal function]: CodeIgniter\Debug\Exceptions->errorHandler(2, 'compact(): Undefined variable $artikel', 'C:\\xampp\\htdocs\\lab11\\ci5\\app\\Controllers\\Artikel.php', 19)
 2 APPPATH\Controllers\Artikel.php(19): compact('artikel', 'title')
 3 SYSTEMPATH\CodeIgniter.php(934): App\Controllers\Artikel->index()
 4 SYSTEMPATH\CodeIgniter.php(499): CodeIgniter\CodeIgniter->runController(Object(App\Controllers\Artikel))
 5 SYSTEMPATH\CodeIgniter.php(368): CodeIgniter\CodeIgniter->handleRequest(null, Object(Config\Cache), false)
 6 FCPATH\index.php(67): CodeIgniter\CodeIgniter->run()
 7 SYSTEMPATH\Commands\Server\rewrite.php(47): require_once('C:\\xampp\\htdocs\\lab11\\ci5\\public\\index.php')
CRITICAL - 2023-06-27 22:33:45 --> compact(): Undefined variable $artikel
in APPPATH\Controllers\Artikel.php on line 19.
 1 [internal function]: CodeIgniter\Debug\Exceptions->errorHandler(2, 'compact(): Undefined variable $artikel', 'C:\\xampp\\htdocs\\lab11\\ci5\\app\\Controllers\\Artikel.php', 19)
 2 APPPATH\Controllers\Artikel.php(19): compact('artikel', 'title')
 3 SYSTEMPATH\CodeIgniter.php(934): App\Controllers\Artikel->index()
 4 SYSTEMPATH\CodeIgniter.php(499): CodeIgniter\CodeIgniter->runController(Object(App\Controllers\Artikel))
 5 SYSTEMPATH\CodeIgniter.php(368): CodeIgniter\CodeIgniter->handleRequest(null, Object(Config\Cache), false)
 6 FCPATH\index.php(67): CodeIgniter\CodeIgniter->run()
 7 SYSTEMPATH\Commands\Server\rewrite.php(47): require_once('C:\\xampp\\htdocs\\lab11\\ci5\\public\\index.php')
CRITICAL - 2023-06-27 22:33:45 --> compact(): Undefined variable $artikel
in APPPATH\Controllers\Artikel.php on line 19.
 1 [internal function]: CodeIgniter\Debug\Exceptions->errorHandler(2, 'compact(): Undefined variable $artikel', 'C:\\xampp\\htdocs\\lab11\\ci5\\app\\Controllers\\Artikel.php', 19)
 2 APPPATH\Controllers\Artikel.php(19): compact('artikel', 'title')
 3 SYSTEMPATH\CodeIgniter.php(934): App\Controllers\Artikel->index()
 4 SYSTEMPATH\CodeIgniter.php(499): CodeIgniter\CodeIgniter->runController(Object(App\Controllers\Artikel))
 5 SYSTEMPATH\CodeIgniter.php(368): CodeIgniter\CodeIgniter->handleRequest(null, Object(Config\Cache), false)
 6 FCPATH\index.php(67): CodeIgniter\CodeIgniter->run()
 7 SYSTEMPATH\Commands\Server\rewrite.php(47): require_once('C:\\xampp\\htdocs\\lab11\\ci5\\public\\index.php')
CRITICAL - 2023-06-27 22:35:34 --> compact(): Undefined variable $artikel
in APPPATH\Controllers\Artikel.php on line 19.
 1 [internal function]: CodeIgniter\Debug\Exceptions->errorHandler(2, 'compact(): Undefined variable $artikel', 'C:\\xampp\\htdocs\\lab11\\ci5\\app\\Controllers\\Artikel.php', 19)
 2 APPPATH\Controllers\Artikel.php(19): compact('artikel', 'title')
 3 SYSTEMPATH\CodeIgniter.php(934): App\Controllers\Artikel->index()
 4 SYSTEMPATH\CodeIgniter.php(499): CodeIgniter\CodeIgniter->runController(Object(App\Controllers\Artikel))
 5 SYSTEMPATH\CodeIgniter.php(368): CodeIgniter\CodeIgniter->handleRequest(null, Object(Config\Cache), false)
 6 FCPATH\index.php(67): CodeIgniter\CodeIgniter->run()
 7 SYSTEMPATH\Commands\Server\rewrite.php(47): require_once('C:\\xampp\\htdocs\\lab11\\ci5\\public\\index.php')
CRITICAL - 2023-06-27 22:38:49 --> compact(): Undefined variable $artikel
in APPPATH\Controllers\Artikel.php on line 19.
 1 [internal function]: CodeIgniter\Debug\Exceptions->errorHandler(2, 'compact(): Undefined variable $artikel', 'C:\\xampp\\htdocs\\lab11\\ci5\\app\\Controllers\\Artikel.php', 19)
 2 APPPATH\Controllers\Artikel.php(19): compact('artikel', 'title')
 3 SYSTEMPATH\CodeIgniter.php(934): App\Controllers\Artikel->index()
 4 SYSTEMPATH\CodeIgniter.php(499): CodeIgniter\CodeIgniter->runController(Object(App\Controllers\Artikel))
 5 SYSTEMPATH\CodeIgniter.php(368): CodeIgniter\CodeIgniter->handleRequest(null, Object(Config\Cache), false)
 6 FCPATH\index.php(67): CodeIgniter\CodeIgniter->run()
 7 SYSTEMPATH\Commands\Server\rewrite.php(47): require_once('C:\\xampp\\htdocs\\lab11\\ci5\\public\\index.php')
CRITICAL - 2023-06-27 22:41:37 --> Call to a member function only() on array
in APPPATH\Views\artikel\index.php on line 22.
 1 SYSTEMPATH\View\View.php(213): include()
 2 SYSTEMPATH\View\View.php(216): CodeIgniter\View\View->CodeIgniter\View\{closure}()
 3 SYSTEMPATH\Common.php(1184): CodeIgniter\View\View->render('artikel/index', [], true)
 4 APPPATH\Controllers\Artikel.php(21): view('artikel/index', [...])
 5 SYSTEMPATH\CodeIgniter.php(934): App\Controllers\Artikel->index()
 6 SYSTEMPATH\CodeIgniter.php(499): CodeIgniter\CodeIgniter->runController(Object(App\Controllers\Artikel))
 7 SYSTEMPATH\CodeIgniter.php(368): CodeIgniter\CodeIgniter->handleRequest(null, Object(Config\Cache), false)
 8 FCPATH\index.php(67): CodeIgniter\CodeIgniter->run()
 9 SYSTEMPATH\Commands\Server\rewrite.php(47): require_once('C:\\xampp\\htdocs\\lab11\\ci5\\public\\index.php')
CRITICAL - 2023-06-27 22:41:37 --> Call to a member function only() on array
in APPPATH\Views\artikel\index.php on line 22.
 1 SYSTEMPATH\View\View.php(213): include()
 2 SYSTEMPATH\View\View.php(216): CodeIgniter\View\View->CodeIgniter\View\{closure}()
 3 SYSTEMPATH\Common.php(1184): CodeIgniter\View\View->render('artikel/index', [], true)
 4 APPPATH\Controllers\Artikel.php(21): view('artikel/index', [...])
 5 SYSTEMPATH\CodeIgniter.php(934): App\Controllers\Artikel->index()
 6 SYSTEMPATH\CodeIgniter.php(499): CodeIgniter\CodeIgniter->runController(Object(App\Controllers\Artikel))
 7 SYSTEMPATH\CodeIgniter.php(368): CodeIgniter\CodeIgniter->handleRequest(null, Object(Config\Cache), false)
 8 FCPATH\index.php(67): CodeIgniter\CodeIgniter->run()
 9 SYSTEMPATH\Commands\Server\rewrite.php(47): require_once('C:\\xampp\\htdocs\\lab11\\ci5\\public\\index.php')
CRITICAL - 2023-06-27 22:41:38 --> Call to a member function only() on array
in APPPATH\Views\artikel\index.php on line 22.
 1 SYSTEMPATH\View\View.php(213): include()
 2 SYSTEMPATH\View\View.php(216): CodeIgniter\View\View->CodeIgniter\View\{closure}()
 3 SYSTEMPATH\Common.php(1184): CodeIgniter\View\View->render('artikel/index', [], true)
 4 APPPATH\Controllers\Artikel.php(21): view('artikel/index', [...])
 5 SYSTEMPATH\CodeIgniter.php(934): App\Controllers\Artikel->index()
 6 SYSTEMPATH\CodeIgniter.php(499): CodeIgniter\CodeIgniter->runController(Object(App\Controllers\Artikel))
 7 SYSTEMPATH\CodeIgniter.php(368): CodeIgniter\CodeIgniter->handleRequest(null, Object(Config\Cache), false)
 8 FCPATH\index.php(67): CodeIgniter\CodeIgniter->run()
 9 SYSTEMPATH\Commands\Server\rewrite.php(47): require_once('C:\\xampp\\htdocs\\lab11\\ci5\\public\\index.php')
CRITICAL - 2023-06-27 22:42:32 --> Undefined variable $q
in APPPATH\Views\artikel\index.php on line 5.
 1 APPPATH\Views\artikel\index.php(5): CodeIgniter\Debug\Exceptions->errorHandler(2, 'Undefined variable $q', 'C:\\xampp\\htdocs\\lab11\\ci5\\app\\Views\\artikel\\index.php', 5)
 2 SYSTEMPATH\View\View.php(213): include('C:\\xampp\\htdocs\\lab11\\ci5\\app\\Views\\artikel\\index.php')
 3 SYSTEMPATH\View\View.php(216): CodeIgniter\View\View->CodeIgniter\View\{closure}()
 4 SYSTEMPATH\Common.php(1184): CodeIgniter\View\View->render('artikel/index', [], true)
 5 APPPATH\Controllers\Artikel.php(15): view('artikel/index', [...])
 6 SYSTEMPATH\CodeIgniter.php(934): App\Controllers\Artikel->index()
 7 SYSTEMPATH\CodeIgniter.php(499): CodeIgniter\CodeIgniter->runController(Object(App\Controllers\Artikel))
 8 SYSTEMPATH\CodeIgniter.php(368): CodeIgniter\CodeIgniter->handleRequest(null, Object(Config\Cache), false)
 9 FCPATH\index.php(67): CodeIgniter\CodeIgniter->run()
10 SYSTEMPATH\Commands\Server\rewrite.php(47): require_once('C:\\xampp\\htdocs\\lab11\\ci5\\public\\index.php')
